# JRE version: Java(TM) SE Runtime Environment 18.9 (11.0.17+10) (build 11.0.17+10-LTS-269)
# Java VM: Java HotSpot(TM) 64-Bit Server VM 18.9 (11.0.17+10-LTS-269, mixed mode, tiered, compressed oops, g1 gc, windows-amd64)
Heap:
 garbage-first heap   total 312320K, used 106657K [0x0000000702400000, 0x0000000800000000)
  region size 1024K, 59 young (60416K), 4 survivors (4096K)
 Metaspace       used 35677K, capacity 36543K, committed 36784K, reserved 1081344K
  class space    used 3691K, capacity 3989K, committed 4096K, reserved 1048576K
GC Heap History (10 events):
Event: 1.966 GC heap before
{Heap before GC invocations=2 (full 0):
 garbage-first heap   total 260096K, used 38336K [0x0000000702400000, 0x0000000800000000)
  region size 1024K, 34 young (34816K), 1 survivors (1024K)
 Metaspace       used 20814K, capacity 21130K, committed 21296K, reserved 1069056K
  class space    used 2226K, capacity 2342K, committed 2432K, reserved 1048576K
}
Event: 1.971 GC heap after
{Heap after GC invocations=3 (full 0):
 garbage-first heap   total 260096K, used 7421K [0x0000000702400000, 0x0000000800000000)
  region size 1024K, 3 young (3072K), 3 survivors (3072K)
 Metaspace       used 20814K, capacity 21130K, committed 21296K, reserved 1069056K
  class space    used 2226K, capacity 2342K, committed 2432K, reserved 1048576K
}
Event: 2.733 GC heap before
{Heap before GC invocations=4 (full 0):
 garbage-first heap   total 260096K, used 63741K [0x0000000702400000, 0x0000000800000000)
  region size 1024K, 58 young (59392K), 3 survivors (3072K)
 Metaspace       used 22408K, capacity 22824K, committed 22960K, reserved 1069056K
  class space    used 2334K, capacity 2479K, committed 2560K, reserved 1048576K
}
Event: 2.743 GC heap after
{Heap after GC invocations=5 (full 0):
 garbage-first heap   total 260096K, used 13250K [0x0000000702400000, 0x0000000800000000)
  region size 1024K, 8 young (8192K), 8 survivors (8192K)
 Metaspace       used 22408K, capacity 22824K, committed 22960K, reserved 1069056K
  class space    used 2334K, capacity 2479K, committed 2560K, reserved 1048576K
}
Event: 3.709 GC heap before
{Heap before GC invocations=5 (full 0):
 garbage-first heap   total 260096K, used 98242K [0x0000000702400000, 0x0000000800000000)
  region size 1024K, 91 young (93184K), 8 survivors (8192K)
 Metaspace       used 25298K, capacity 25741K, committed 26032K, reserved 1073152K
  class space    used 2619K, capacity 2774K, committed 2816K, reserved 1048576K
}
Event: 3.725 GC heap after
{Heap after GC invocations=6 (full 0):
 garbage-first heap   total 260096K, used 20743K [0x0000000702400000, 0x0000000800000000)
  region size 1024K, 12 young (12288K), 12 survivors (12288K)
 Metaspace       used 25298K, capacity 25741K, committed 26032K, reserved 1073152K
  class space    used 2619K, capacity 2774K, committed 2816K, reserved 1048576K
}
Event: 6.328 GC heap before
{Heap before GC invocations=6 (full 0):
 garbage-first heap   total 260096K, used 139527K [0x0000000702400000, 0x0000000800000000)
  region size 1024K, 122 young (124928K), 12 survivors (12288K)
 Metaspace       used 34073K, capacity 34698K, committed 34864K, reserved 1081344K
  class space    used 3582K, capacity 3841K, committed 3968K, reserved 1048576K
}
Event: 6.360 GC heap after
{Heap after GC invocations=7 (full 0):
 garbage-first heap   total 312320K, used 52561K [0x0000000702400000, 0x0000000800000000)
  region size 1024K, 16 young (16384K), 16 survivors (16384K)
 Metaspace       used 34073K, capacity 34698K, committed 34864K, reserved 1081344K
  class space    used 3582K, capacity 3841K, committed 3968K, reserved 1048576K
}
Event: 7.043 GC heap before
{Heap before GC invocations=7 (full 0):
 garbage-first heap   total 312320K, used 137553K [0x0000000702400000, 0x0000000800000000)
  region size 1024K, 52 young (53248K), 16 survivors (16384K)
 Metaspace       used 35164K, capacity 35862K, committed 35888K, reserved 1081344K
  class space    used 3665K, capacity 3955K, committed 3968K, reserved 1048576K
}
Event: 7.061 GC heap after
{Heap after GC invocations=8 (full 0):
 garbage-first heap   total 312320K, used 48289K [0x0000000702400000, 0x0000000800000000)
  region size 1024K, 4 young (4096K), 4 survivors (4096K)
 Metaspace       used 35164K, capacity 35862K, committed 35888K, reserved 1081344K
  class space    used 3665K, capacity 3955K, committed 3968K, reserved 1048576K
}

